0 info it worked if it ends with ok
1 verbose cli [ '/home/qiang/.nvm/versions/node/v7.5.0/bin/node',
1 verbose cli   '/home/qiang/.nvm/versions/node/v7.5.0/bin/npm',
1 verbose cli   'install',
1 verbose cli   'zerorpc' ]
2 info using npm@4.1.2
3 info using node@v7.5.0
4 silly loadCurrentTree Starting
5 silly install loadCurrentTree
6 silly install readLocalPackageData
7 silly fetchPackageMetaData zerorpc
8 silly fetchNamedPackageData zerorpc
9 silly mapToRegistry name zerorpc
10 silly mapToRegistry using default registry
11 silly mapToRegistry registry https://registry.npmjs.org/
12 silly mapToRegistry data Result {
12 silly mapToRegistry   raw: 'zerorpc',
12 silly mapToRegistry   scope: null,
12 silly mapToRegistry   escapedName: 'zerorpc',
12 silly mapToRegistry   name: 'zerorpc',
12 silly mapToRegistry   rawSpec: '',
12 silly mapToRegistry   spec: 'latest',
12 silly mapToRegistry   type: 'tag' }
13 silly mapToRegistry uri https://registry.npmjs.org/zerorpc
14 verbose request uri https://registry.npmjs.org/zerorpc
15 verbose request no auth needed
16 info attempt registry request try #1 at 5:08:44 AM
17 verbose request id 58512b762d5fe82f
18 verbose etag W/"588fdcc5-8e9e"
19 verbose lastModified Tue, 31 Jan 2017 00:39:33 GMT
20 http request GET https://registry.npmjs.org/zerorpc
21 http 304 https://registry.npmjs.org/zerorpc
22 verbose headers { date: 'Sun, 05 Feb 2017 05:08:44 GMT',
22 verbose headers   via: '1.1 varnish',
22 verbose headers   'cache-control': 'max-age=300',
22 verbose headers   etag: 'W/"588fdcc5-8e9e"',
22 verbose headers   age: '0',
22 verbose headers   connection: 'keep-alive',
22 verbose headers   'x-served-by': 'cache-cdg8725-CDG',
22 verbose headers   'x-cache': 'MISS',
22 verbose headers   'x-cache-hits': '0',
22 verbose headers   'x-timer': 'S1486271324.820630,VS0,VE15',
22 verbose headers   vary: 'Accept-Encoding' }
23 silly get cb [ 304,
23 silly get   { date: 'Sun, 05 Feb 2017 05:08:44 GMT',
23 silly get     via: '1.1 varnish',
23 silly get     'cache-control': 'max-age=300',
23 silly get     etag: 'W/"588fdcc5-8e9e"',
23 silly get     age: '0',
23 silly get     connection: 'keep-alive',
23 silly get     'x-served-by': 'cache-cdg8725-CDG',
23 silly get     'x-cache': 'MISS',
23 silly get     'x-cache-hits': '0',
23 silly get     'x-timer': 'S1486271324.820630,VS0,VE15',
23 silly get     vary: 'Accept-Encoding' } ]
24 verbose etag https://registry.npmjs.org/zerorpc from cache
25 verbose get saving zerorpc to /home/qiang/.npm/registry.npmjs.org/zerorpc/.cache.json
26 verbose correctMkdir /home/qiang/.npm correctMkdir not in flight; initializing
27 silly install normalizeTree
28 silly loadCurrentTree Finishing
29 silly loadIdealTree Starting
30 silly install loadIdealTree
31 silly cloneCurrentTree Starting
32 silly install cloneCurrentTreeToIdealTree
33 silly cloneCurrentTree Finishing
34 silly loadShrinkwrap Starting
35 silly install loadShrinkwrap
36 silly loadShrinkwrap Finishing
37 silly loadAllDepsIntoIdealTree Starting
38 silly install loadAllDepsIntoIdealTree
39 silly resolveWithNewModule zerorpc@0.9.7 checking installable status
40 silly cache add args [ 'zerorpc', null ]
41 verbose cache add spec zerorpc
42 silly cache add parsed spec Result {
42 silly cache add   raw: 'zerorpc',
42 silly cache add   scope: null,
42 silly cache add   escapedName: 'zerorpc',
42 silly cache add   name: 'zerorpc',
42 silly cache add   rawSpec: '',
42 silly cache add   spec: 'latest',
42 silly cache add   type: 'tag' }
43 silly addNamed zerorpc@latest
44 verbose addNamed "latest" is being treated as a dist-tag for zerorpc
45 info addNameTag [ 'zerorpc', 'latest' ]
46 silly mapToRegistry name zerorpc
47 silly mapToRegistry using default registry
48 silly mapToRegistry registry https://registry.npmjs.org/
49 silly mapToRegistry data Result {
49 silly mapToRegistry   raw: 'zerorpc',
49 silly mapToRegistry   scope: null,
49 silly mapToRegistry   escapedName: 'zerorpc',
49 silly mapToRegistry   name: 'zerorpc',
49 silly mapToRegistry   rawSpec: '',
49 silly mapToRegistry   spec: 'latest',
49 silly mapToRegistry   type: 'tag' }
50 silly mapToRegistry uri https://registry.npmjs.org/zerorpc
51 verbose addNameTag registry:https://registry.npmjs.org/zerorpc not in flight; fetching
52 verbose get https://registry.npmjs.org/zerorpc not expired, no request
53 silly addNameTag next cb for zerorpc with tag latest
54 silly addNamed zerorpc@0.9.7
55 verbose addNamed "0.9.7" is a plain semver version for zerorpc
56 silly cache afterAdd zerorpc@0.9.7
57 verbose afterAdd /home/qiang/.npm/zerorpc/0.9.7/package/package.json not in flight; writing
58 verbose correctMkdir /home/qiang/.npm correctMkdir not in flight; initializing
59 verbose afterAdd /home/qiang/.npm/zerorpc/0.9.7/package/package.json written
60 silly fetchNamedPackageData zmq
61 silly mapToRegistry name zmq
62 silly mapToRegistry using default registry
63 silly mapToRegistry registry https://registry.npmjs.org/
64 silly mapToRegistry data Result {
64 silly mapToRegistry   raw: 'zmq',
64 silly mapToRegistry   scope: null,
64 silly mapToRegistry   escapedName: 'zmq',
64 silly mapToRegistry   name: 'zmq',
64 silly mapToRegistry   rawSpec: '',
64 silly mapToRegistry   spec: 'latest',
64 silly mapToRegistry   type: 'tag' }
65 silly mapToRegistry uri https://registry.npmjs.org/zmq
66 verbose request uri https://registry.npmjs.org/zmq
67 verbose request no auth needed
68 info attempt registry request try #1 at 5:08:45 AM
69 verbose etag W/"589329a9-14160"
70 verbose lastModified Thu, 02 Feb 2017 12:44:25 GMT
71 http request GET https://registry.npmjs.org/zmq
72 http 304 https://registry.npmjs.org/zmq
73 verbose headers { date: 'Sun, 05 Feb 2017 05:08:45 GMT',
73 verbose headers   via: '1.1 varnish',
73 verbose headers   'cache-control': 'max-age=300',
73 verbose headers   etag: 'W/"589329a9-14160"',
73 verbose headers   age: '0',
73 verbose headers   connection: 'keep-alive',
73 verbose headers   'x-served-by': 'cache-cdg8725-CDG',
73 verbose headers   'x-cache': 'MISS',
73 verbose headers   'x-cache-hits': '0',
73 verbose headers   'x-timer': 'S1486271325.136990,VS0,VE16',
73 verbose headers   vary: 'Accept-Encoding' }
74 silly get cb [ 304,
74 silly get   { date: 'Sun, 05 Feb 2017 05:08:45 GMT',
74 silly get     via: '1.1 varnish',
74 silly get     'cache-control': 'max-age=300',
74 silly get     etag: 'W/"589329a9-14160"',
74 silly get     age: '0',
74 silly get     connection: 'keep-alive',
74 silly get     'x-served-by': 'cache-cdg8725-CDG',
74 silly get     'x-cache': 'MISS',
74 silly get     'x-cache-hits': '0',
74 silly get     'x-timer': 'S1486271325.136990,VS0,VE16',
74 silly get     vary: 'Accept-Encoding' } ]
75 verbose etag https://registry.npmjs.org/zmq from cache
76 verbose get saving zmq to /home/qiang/.npm/registry.npmjs.org/zmq/.cache.json
77 verbose correctMkdir /home/qiang/.npm correctMkdir not in flight; initializing
78 silly pickManifestFromRegistryMetadata spec >=2.0.0 <3.0.0 tag latest versions [ '1.0.0',
78 silly pickManifestFromRegistryMetadata   '1.0.1',
78 silly pickManifestFromRegistryMetadata   '1.0.2',
78 silly pickManifestFromRegistryMetadata   '1.0.3',
78 silly pickManifestFromRegistryMetadata   '1.0.4',
78 silly pickManifestFromRegistryMetadata   '2.0.0',
78 silly pickManifestFromRegistryMetadata   '2.0.1',
78 silly pickManifestFromRegistryMetadata   '2.0.2',
78 silly pickManifestFromRegistryMetadata   '2.0.3',
78 silly pickManifestFromRegistryMetadata   '2.1.0',
78 silly pickManifestFromRegistryMetadata   '2.2.0',
78 silly pickManifestFromRegistryMetadata   '2.3.0',
78 silly pickManifestFromRegistryMetadata   '2.4.0',
78 silly pickManifestFromRegistryMetadata   '2.5.0',
78 silly pickManifestFromRegistryMetadata   '2.5.1',
78 silly pickManifestFromRegistryMetadata   '2.6.0',
78 silly pickManifestFromRegistryMetadata   '2.7.0',
78 silly pickManifestFromRegistryMetadata   '2.8.0',
78 silly pickManifestFromRegistryMetadata   '2.9.0',
78 silly pickManifestFromRegistryMetadata   '2.10.0',
78 silly pickManifestFromRegistryMetadata   '2.11.0',
78 silly pickManifestFromRegistryMetadata   '2.11.1',
78 silly pickManifestFromRegistryMetadata   '2.12.0',
78 silly pickManifestFromRegistryMetadata   '2.13.0',
78 silly pickManifestFromRegistryMetadata   '2.14.0',
78 silly pickManifestFromRegistryMetadata   '2.15.0',
78 silly pickManifestFromRegistryMetadata   '2.15.1',
78 silly pickManifestFromRegistryMetadata   '2.15.2',
78 silly pickManifestFromRegistryMetadata   '2.15.3' ]
79 silly resolveWithNewModule zmq@2.15.3 checking installable status
80 silly cache add args [ 'zmq@2.x', null ]
81 verbose cache add spec zmq@2.x
82 silly cache add parsed spec Result {
82 silly cache add   raw: 'zmq@2.x',
82 silly cache add   scope: null,
82 silly cache add   escapedName: 'zmq',
82 silly cache add   name: 'zmq',
82 silly cache add   rawSpec: '2.x',
82 silly cache add   spec: '>=2.0.0 <3.0.0',
82 silly cache add   type: 'range' }
83 silly addNamed zmq@>=2.0.0 <3.0.0
84 verbose addNamed ">=2.0.0 <3.0.0" is a valid semver range for zmq
85 silly addNameRange { name: 'zmq', range: '>=2.0.0 <3.0.0', hasData: false }
86 silly mapToRegistry name zmq
87 silly mapToRegistry using default registry
88 silly mapToRegistry registry https://registry.npmjs.org/
89 silly mapToRegistry data Result {
89 silly mapToRegistry   raw: 'zmq',
89 silly mapToRegistry   scope: null,
89 silly mapToRegistry   escapedName: 'zmq',
89 silly mapToRegistry   name: 'zmq',
89 silly mapToRegistry   rawSpec: '',
89 silly mapToRegistry   spec: 'latest',
89 silly mapToRegistry   type: 'tag' }
90 silly mapToRegistry uri https://registry.npmjs.org/zmq
91 verbose addNameRange registry:https://registry.npmjs.org/zmq not in flight; fetching
92 verbose get https://registry.npmjs.org/zmq not expired, no request
93 silly addNameRange number 2 { name: 'zmq', range: '>=2.0.0 <3.0.0', hasData: true }
94 silly addNameRange versions [ 'zmq',
94 silly addNameRange   [ '1.0.0',
94 silly addNameRange     '1.0.1',
94 silly addNameRange     '1.0.2',
94 silly addNameRange     '1.0.3',
94 silly addNameRange     '1.0.4',
94 silly addNameRange     '2.0.0',
94 silly addNameRange     '2.0.1',
94 silly addNameRange     '2.0.2',
94 silly addNameRange     '2.0.3',
94 silly addNameRange     '2.1.0',
94 silly addNameRange     '2.2.0',
94 silly addNameRange     '2.3.0',
94 silly addNameRange     '2.4.0',
94 silly addNameRange     '2.5.0',
94 silly addNameRange     '2.5.1',
94 silly addNameRange     '2.6.0',
94 silly addNameRange     '2.7.0',
94 silly addNameRange     '2.8.0',
94 silly addNameRange     '2.9.0',
94 silly addNameRange     '2.10.0',
94 silly addNameRange     '2.11.0',
94 silly addNameRange     '2.11.1',
94 silly addNameRange     '2.12.0',
94 silly addNameRange     '2.13.0',
94 silly addNameRange     '2.14.0',
94 silly addNameRange     '2.15.0',
94 silly addNameRange     '2.15.1',
94 silly addNameRange     '2.15.2',
94 silly addNameRange     '2.15.3' ] ]
95 silly pickManifestFromRegistryMetadata spec >=2.0.0 <3.0.0 tag latest versions [ '1.0.0',
95 silly pickManifestFromRegistryMetadata   '1.0.1',
95 silly pickManifestFromRegistryMetadata   '1.0.2',
95 silly pickManifestFromRegistryMetadata   '1.0.3',
95 silly pickManifestFromRegistryMetadata   '1.0.4',
95 silly pickManifestFromRegistryMetadata   '2.0.0',
95 silly pickManifestFromRegistryMetadata   '2.0.1',
95 silly pickManifestFromRegistryMetadata   '2.0.2',
95 silly pickManifestFromRegistryMetadata   '2.0.3',
95 silly pickManifestFromRegistryMetadata   '2.1.0',
95 silly pickManifestFromRegistryMetadata   '2.2.0',
95 silly pickManifestFromRegistryMetadata   '2.3.0',
95 silly pickManifestFromRegistryMetadata   '2.4.0',
95 silly pickManifestFromRegistryMetadata   '2.5.0',
95 silly pickManifestFromRegistryMetadata   '2.5.1',
95 silly pickManifestFromRegistryMetadata   '2.6.0',
95 silly pickManifestFromRegistryMetadata   '2.7.0',
95 silly pickManifestFromRegistryMetadata   '2.8.0',
95 silly pickManifestFromRegistryMetadata   '2.9.0',
95 silly pickManifestFromRegistryMetadata   '2.10.0',
95 silly pickManifestFromRegistryMetadata   '2.11.0',
95 silly pickManifestFromRegistryMetadata   '2.11.1',
95 silly pickManifestFromRegistryMetadata   '2.12.0',
95 silly pickManifestFromRegistryMetadata   '2.13.0',
95 silly pickManifestFromRegistryMetadata   '2.14.0',
95 silly pickManifestFromRegistryMetadata   '2.15.0',
95 silly pickManifestFromRegistryMetadata   '2.15.1',
95 silly pickManifestFromRegistryMetadata   '2.15.2',
95 silly pickManifestFromRegistryMetadata   '2.15.3' ]
96 silly addNamed zmq@latest
97 verbose addNamed "latest" is being treated as a dist-tag for zmq
98 info addNameTag [ 'zmq', 'latest' ]
99 silly mapToRegistry name zmq
100 silly mapToRegistry using default registry
101 silly mapToRegistry registry https://registry.npmjs.org/
102 silly mapToRegistry data Result {
102 silly mapToRegistry   raw: 'zmq',
102 silly mapToRegistry   scope: null,
102 silly mapToRegistry   escapedName: 'zmq',
102 silly mapToRegistry   name: 'zmq',
102 silly mapToRegistry   rawSpec: '',
102 silly mapToRegistry   spec: 'latest',
102 silly mapToRegistry   type: 'tag' }
103 silly mapToRegistry uri https://registry.npmjs.org/zmq
104 verbose addNameTag registry:https://registry.npmjs.org/zmq already in flight; waiting
105 silly addNameTag next cb for zmq with tag latest
106 silly addNamed zmq@2.15.3
107 verbose addNamed "2.15.3" is a plain semver version for zmq
108 silly cache afterAdd zmq@2.15.3
109 verbose afterAdd /home/qiang/.npm/zmq/2.15.3/package/package.json not in flight; writing
110 verbose correctMkdir /home/qiang/.npm correctMkdir not in flight; initializing
111 verbose afterAdd /home/qiang/.npm/zmq/2.15.3/package/package.json written
112 silly fetchNamedPackageData nan
113 silly mapToRegistry name nan
114 silly mapToRegistry using default registry
115 silly mapToRegistry registry https://registry.npmjs.org/
116 silly mapToRegistry data Result {
116 silly mapToRegistry   raw: 'nan',
116 silly mapToRegistry   scope: null,
116 silly mapToRegistry   escapedName: 'nan',
116 silly mapToRegistry   name: 'nan',
116 silly mapToRegistry   rawSpec: '',
116 silly mapToRegistry   spec: 'latest',
116 silly mapToRegistry   type: 'tag' }
117 silly mapToRegistry uri https://registry.npmjs.org/nan
118 silly fetchNamedPackageData bindings
119 silly mapToRegistry name bindings
120 silly mapToRegistry using default registry
121 silly mapToRegistry registry https://registry.npmjs.org/
122 silly mapToRegistry data Result {
122 silly mapToRegistry   raw: 'bindings',
122 silly mapToRegistry   scope: null,
122 silly mapToRegistry   escapedName: 'bindings',
122 silly mapToRegistry   name: 'bindings',
122 silly mapToRegistry   rawSpec: '',
122 silly mapToRegistry   spec: 'latest',
122 silly mapToRegistry   type: 'tag' }
123 silly mapToRegistry uri https://registry.npmjs.org/bindings
124 verbose request uri https://registry.npmjs.org/nan
125 verbose request no auth needed
126 info attempt registry request try #1 at 5:08:45 AM
127 verbose etag W/"588531dd-1df56"
128 verbose lastModified Sun, 22 Jan 2017 22:27:41 GMT
129 http request GET https://registry.npmjs.org/nan
130 verbose request uri https://registry.npmjs.org/bindings
131 verbose request no auth needed
132 info attempt registry request try #1 at 5:08:45 AM
133 verbose etag W/"580645d3-46f7"
134 verbose lastModified Tue, 18 Oct 2016 15:54:59 GMT
135 http request GET https://registry.npmjs.org/bindings
136 http 304 https://registry.npmjs.org/nan
137 verbose headers { date: 'Sun, 05 Feb 2017 05:08:45 GMT',
137 verbose headers   via: '1.1 varnish',
137 verbose headers   'cache-control': 'max-age=300',
137 verbose headers   etag: 'W/"588531dd-1df56"',
137 verbose headers   age: '69',
137 verbose headers   connection: 'keep-alive',
137 verbose headers   'x-served-by': 'cache-cdg8725-CDG',
137 verbose headers   'x-cache': 'HIT',
137 verbose headers   'x-cache-hits': '1',
137 verbose headers   'x-timer': 'S1486271325.308236,VS0,VE0',
137 verbose headers   vary: 'Accept-Encoding' }
138 silly get cb [ 304,
138 silly get   { date: 'Sun, 05 Feb 2017 05:08:45 GMT',
138 silly get     via: '1.1 varnish',
138 silly get     'cache-control': 'max-age=300',
138 silly get     etag: 'W/"588531dd-1df56"',
138 silly get     age: '69',
138 silly get     connection: 'keep-alive',
138 silly get     'x-served-by': 'cache-cdg8725-CDG',
138 silly get     'x-cache': 'HIT',
138 silly get     'x-cache-hits': '1',
138 silly get     'x-timer': 'S1486271325.308236,VS0,VE0',
138 silly get     vary: 'Accept-Encoding' } ]
139 verbose etag https://registry.npmjs.org/nan from cache
140 verbose get saving nan to /home/qiang/.npm/registry.npmjs.org/nan/.cache.json
141 verbose correctMkdir /home/qiang/.npm correctMkdir not in flight; initializing
142 silly pickManifestFromRegistryMetadata spec >=2.3.0 <2.4.0 tag latest versions [ '0.3.0-wip',
142 silly pickManifestFromRegistryMetadata   '0.3.0-wip2',
142 silly pickManifestFromRegistryMetadata   '0.3.0',
142 silly pickManifestFromRegistryMetadata   '0.3.1',
142 silly pickManifestFromRegistryMetadata   '0.3.2',
142 silly pickManifestFromRegistryMetadata   '0.4.0',
142 silly pickManifestFromRegistryMetadata   '0.4.1',
142 silly pickManifestFromRegistryMetadata   '0.4.2',
142 silly pickManifestFromRegistryMetadata   '0.4.3',
142 silly pickManifestFromRegistryMetadata   '0.4.4',
142 silly pickManifestFromRegistryMetadata   '0.5.0',
142 silly pickManifestFromRegistryMetadata   '0.5.1',
142 silly pickManifestFromRegistryMetadata   '0.5.2',
142 silly pickManifestFromRegistryMetadata   '0.6.0',
142 silly pickManifestFromRegistryMetadata   '0.7.0',
142 silly pickManifestFromRegistryMetadata   '0.7.1',
142 silly pickManifestFromRegistryMetadata   '0.8.0',
142 silly pickManifestFromRegistryMetadata   '1.0.0',
142 silly pickManifestFromRegistryMetadata   '1.1.0',
142 silly pickManifestFromRegistryMetadata   '1.1.1',
142 silly pickManifestFromRegistryMetadata   '1.1.2',
142 silly pickManifestFromRegistryMetadata   '1.2.0',
142 silly pickManifestFromRegistryMetadata   '1.3.0',
142 silly pickManifestFromRegistryMetadata   '1.4.0',
142 silly pickManifestFromRegistryMetadata   '1.4.1',
142 silly pickManifestFromRegistryMetadata   '1.5.0',
142 silly pickManifestFromRegistryMetadata   '1.4.2',
142 silly pickManifestFromRegistryMetadata   '1.4.3',
142 silly pickManifestFromRegistryMetadata   '1.5.1',
142 silly pickManifestFromRegistryMetadata   '1.5.2',
142 silly pickManifestFromRegistryMetadata   '1.6.0',
142 silly pickManifestFromRegistryMetadata   '1.5.3',
142 silly pickManifestFromRegistryMetadata   '1.6.1',
142 silly pickManifestFromRegistryMetadata   '1.6.2',
142 silly pickManifestFromRegistryMetadata   '1.7.0',
142 silly pickManifestFromRegistryMetadata   '1.8.0',
142 silly pickManifestFromRegistryMetadata   '1.8.1',
142 silly pickManifestFromRegistryMetadata   '1.8.2',
142 silly pickManifestFromRegistryMetadata   '1.8.3',
142 silly pickManifestFromRegistryMetadata   '1.8.4',
142 silly pickManifestFromRegistryMetadata   '1.9.0',
142 silly pickManifestFromRegistryMetadata   '2.0.0',
142 silly pickManifestFromRegistryMetadata   '2.0.1',
142 silly pickManifestFromRegistryMetadata   '2.0.2',
142 silly pickManifestFromRegistryMetadata   '2.0.3',
142 silly pickManifestFromRegistryMetadata   '2.0.4',
142 silly pickManifestFromRegistryMetadata   '2.0.5',
142 silly pickManifestFromRegistryMetadata   '2.0.6',
142 silly pickManifestFromRegistryMetadata   '2.0.7',
142 silly pickManifestFromRegistryMetadata   '2.0.8',
142 silly pickManifestFromRegistryMetadata   '2.0.9',
142 silly pickManifestFromRegistryMetadata   '2.1.0',
142 silly pickManifestFromRegistryMetadata   '2.2.0',
142 silly pickManifestFromRegistryMetadata   '2.2.1',
142 silly pickManifestFromRegistryMetadata   '2.3.0',
142 silly pickManifestFromRegistryMetadata   '2.3.1',
142 silly pickManifestFromRegistryMetadata   '2.3.2',
142 silly pickManifestFromRegistryMetadata   '2.3.3',
142 silly pickManifestFromRegistryMetadata   '2.3.4',
142 silly pickManifestFromRegistryMetadata   '2.3.5',
142 silly pickManifestFromRegistryMetadata   '2.4.0',
142 silly pickManifestFromRegistryMetadata   '2.5.0',
142 silly pickManifestFromRegistryMetadata   '2.5.1' ]
143 silly resolveWithNewModule nan@2.3.5 checking installable status
144 silly cache add args [ 'nan@~2.3.0', null ]
145 verbose cache add spec nan@~2.3.0
146 silly cache add parsed spec Result {
146 silly cache add   raw: 'nan@~2.3.0',
146 silly cache add   scope: null,
146 silly cache add   escapedName: 'nan',
146 silly cache add   name: 'nan',
146 silly cache add   rawSpec: '~2.3.0',
146 silly cache add   spec: '>=2.3.0 <2.4.0',
146 silly cache add   type: 'range' }
147 silly addNamed nan@>=2.3.0 <2.4.0
148 verbose addNamed ">=2.3.0 <2.4.0" is a valid semver range for nan
149 silly addNameRange { name: 'nan', range: '>=2.3.0 <2.4.0', hasData: false }
150 silly mapToRegistry name nan
151 silly mapToRegistry using default registry
152 silly mapToRegistry registry https://registry.npmjs.org/
153 silly mapToRegistry data Result {
153 silly mapToRegistry   raw: 'nan',
153 silly mapToRegistry   scope: null,
153 silly mapToRegistry   escapedName: 'nan',
153 silly mapToRegistry   name: 'nan',
153 silly mapToRegistry   rawSpec: '',
153 silly mapToRegistry   spec: 'latest',
153 silly mapToRegistry   type: 'tag' }
154 silly mapToRegistry uri https://registry.npmjs.org/nan
155 verbose addNameRange registry:https://registry.npmjs.org/nan not in flight; fetching
156 verbose get https://registry.npmjs.org/nan not expired, no request
157 silly addNameRange number 2 { name: 'nan', range: '>=2.3.0 <2.4.0', hasData: true }
158 silly addNameRange versions [ 'nan',
158 silly addNameRange   [ '0.3.0-wip',
158 silly addNameRange     '0.3.0-wip2',
158 silly addNameRange     '0.3.0',
158 silly addNameRange     '0.3.1',
158 silly addNameRange     '0.3.2',
158 silly addNameRange     '0.4.0',
158 silly addNameRange     '0.4.1',
158 silly addNameRange     '0.4.2',
158 silly addNameRange     '0.4.3',
158 silly addNameRange     '0.4.4',
158 silly addNameRange     '0.5.0',
158 silly addNameRange     '0.5.1',
158 silly addNameRange     '0.5.2',
158 silly addNameRange     '0.6.0',
158 silly addNameRange     '0.7.0',
158 silly addNameRange     '0.7.1',
158 silly addNameRange     '0.8.0',
158 silly addNameRange     '1.0.0',
158 silly addNameRange     '1.1.0',
158 silly addNameRange     '1.1.1',
158 silly addNameRange     '1.1.2',
158 silly addNameRange     '1.2.0',
158 silly addNameRange     '1.3.0',
158 silly addNameRange     '1.4.0',
158 silly addNameRange     '1.4.1',
158 silly addNameRange     '1.5.0',
158 silly addNameRange     '1.4.2',
158 silly addNameRange     '1.4.3',
158 silly addNameRange     '1.5.1',
158 silly addNameRange     '1.5.2',
158 silly addNameRange     '1.6.0',
158 silly addNameRange     '1.5.3',
158 silly addNameRange     '1.6.1',
158 silly addNameRange     '1.6.2',
158 silly addNameRange     '1.7.0',
158 silly addNameRange     '1.8.0',
158 silly addNameRange     '1.8.1',
158 silly addNameRange     '1.8.2',
158 silly addNameRange     '1.8.3',
158 silly addNameRange     '1.8.4',
158 silly addNameRange     '1.9.0',
158 silly addNameRange     '2.0.0',
158 silly addNameRange     '2.0.1',
158 silly addNameRange     '2.0.2',
158 silly addNameRange     '2.0.3',
158 silly addNameRange     '2.0.4',
158 silly addNameRange     '2.0.5',
158 silly addNameRange     '2.0.6',
158 silly addNameRange     '2.0.7',
158 silly addNameRange     '2.0.8',
158 silly addNameRange     '2.0.9',
158 silly addNameRange     '2.1.0',
158 silly addNameRange     '2.2.0',
158 silly addNameRange     '2.2.1',
158 silly addNameRange     '2.3.0',
158 silly addNameRange     '2.3.1',
158 silly addNameRange     '2.3.2',
158 silly addNameRange     '2.3.3',
158 silly addNameRange     '2.3.4',
158 silly addNameRange     '2.3.5',
158 silly addNameRange     '2.4.0',
158 silly addNameRange     '2.5.0',
158 silly addNameRange     '2.5.1' ] ]
159 silly pickManifestFromRegistryMetadata spec >=2.3.0 <2.4.0 tag latest versions [ '0.3.0-wip',
159 silly pickManifestFromRegistryMetadata   '0.3.0-wip2',
159 silly pickManifestFromRegistryMetadata   '0.3.0',
159 silly pickManifestFromRegistryMetadata   '0.3.1',
159 silly pickManifestFromRegistryMetadata   '0.3.2',
159 silly pickManifestFromRegistryMetadata   '0.4.0',
159 silly pickManifestFromRegistryMetadata   '0.4.1',
159 silly pickManifestFromRegistryMetadata   '0.4.2',
159 silly pickManifestFromRegistryMetadata   '0.4.3',
159 silly pickManifestFromRegistryMetadata   '0.4.4',
159 silly pickManifestFromRegistryMetadata   '0.5.0',
159 silly pickManifestFromRegistryMetadata   '0.5.1',
159 silly pickManifestFromRegistryMetadata   '0.5.2',
159 silly pickManifestFromRegistryMetadata   '0.6.0',
159 silly pickManifestFromRegistryMetadata   '0.7.0',
159 silly pickManifestFromRegistryMetadata   '0.7.1',
159 silly pickManifestFromRegistryMetadata   '0.8.0',
159 silly pickManifestFromRegistryMetadata   '1.0.0',
159 silly pickManifestFromRegistryMetadata   '1.1.0',
159 silly pickManifestFromRegistryMetadata   '1.1.1',
159 silly pickManifestFromRegistryMetadata   '1.1.2',
159 silly pickManifestFromRegistryMetadata   '1.2.0',
159 silly pickManifestFromRegistryMetadata   '1.3.0',
159 silly pickManifestFromRegistryMetadata   '1.4.0',
159 silly pickManifestFromRegistryMetadata   '1.4.1',
159 silly pickManifestFromRegistryMetadata   '1.5.0',
159 silly pickManifestFromRegistryMetadata   '1.4.2',
159 silly pickManifestFromRegistryMetadata   '1.4.3',
159 silly pickManifestFromRegistryMetadata   '1.5.1',
159 silly pickManifestFromRegistryMetadata   '1.5.2',
159 silly pickManifestFromRegistryMetadata   '1.6.0',
159 silly pickManifestFromRegistryMetadata   '1.5.3',
159 silly pickManifestFromRegistryMetadata   '1.6.1',
159 silly pickManifestFromRegistryMetadata   '1.6.2',
159 silly pickManifestFromRegistryMetadata   '1.7.0',
159 silly pickManifestFromRegistryMetadata   '1.8.0',
159 silly pickManifestFromRegistryMetadata   '1.8.1',
159 silly pickManifestFromRegistryMetadata   '1.8.2',
159 silly pickManifestFromRegistryMetadata   '1.8.3',
159 silly pickManifestFromRegistryMetadata   '1.8.4',
159 silly pickManifestFromRegistryMetadata   '1.9.0',
159 silly pickManifestFromRegistryMetadata   '2.0.0',
159 silly pickManifestFromRegistryMetadata   '2.0.1',
159 silly pickManifestFromRegistryMetadata   '2.0.2',
159 silly pickManifestFromRegistryMetadata   '2.0.3',
159 silly pickManifestFromRegistryMetadata   '2.0.4',
159 silly pickManifestFromRegistryMetadata   '2.0.5',
159 silly pickManifestFromRegistryMetadata   '2.0.6',
159 silly pickManifestFromRegistryMetadata   '2.0.7',
159 silly pickManifestFromRegistryMetadata   '2.0.8',
159 silly pickManifestFromRegistryMetadata   '2.0.9',
159 silly pickManifestFromRegistryMetadata   '2.1.0',
159 silly pickManifestFromRegistryMetadata   '2.2.0',
159 silly pickManifestFromRegistryMetadata   '2.2.1',
159 silly pickManifestFromRegistryMetadata   '2.3.0',
159 silly pickManifestFromRegistryMetadata   '2.3.1',
159 silly pickManifestFromRegistryMetadata   '2.3.2',
159 silly pickManifestFromRegistryMetadata   '2.3.3',
159 silly pickManifestFromRegistryMetadata   '2.3.4',
159 silly pickManifestFromRegistryMetadata   '2.3.5',
159 silly pickManifestFromRegistryMetadata   '2.4.0',
159 silly pickManifestFromRegistryMetadata   '2.5.0',
159 silly pickManifestFromRegistryMetadata   '2.5.1' ]
160 silly addNamed nan@2.3.5
161 verbose addNamed "2.3.5" is a plain semver version for nan
162 silly cache afterAdd nan@2.3.5
163 verbose afterAdd /home/qiang/.npm/nan/2.3.5/package/package.json not in flight; writing
164 verbose correctMkdir /home/qiang/.npm correctMkdir not in flight; initializing
165 verbose afterAdd /home/qiang/.npm/nan/2.3.5/package/package.json written
166 http 304 https://registry.npmjs.org/bindings
167 verbose headers { date: 'Sun, 05 Feb 2017 05:08:45 GMT',
167 verbose headers   via: '1.1 varnish',
167 verbose headers   'cache-control': 'max-age=300',
167 verbose headers   etag: 'W/"580645d3-46f7"',
167 verbose headers   age: '187',
167 verbose headers   connection: 'keep-alive',
167 verbose headers   'x-served-by': 'cache-cdg8722-CDG',
167 verbose headers   'x-cache': 'HIT',
167 verbose headers   'x-cache-hits': '2',
167 verbose headers   'x-timer': 'S1486271325.481267,VS0,VE0',
167 verbose headers   vary: 'Accept-Encoding' }
168 silly get cb [ 304,
168 silly get   { date: 'Sun, 05 Feb 2017 05:08:45 GMT',
168 silly get     via: '1.1 varnish',
168 silly get     'cache-control': 'max-age=300',
168 silly get     etag: 'W/"580645d3-46f7"',
168 silly get     age: '187',
168 silly get     connection: 'keep-alive',
168 silly get     'x-served-by': 'cache-cdg8722-CDG',
168 silly get     'x-cache': 'HIT',
168 silly get     'x-cache-hits': '2',
168 silly get     'x-timer': 'S1486271325.481267,VS0,VE0',
168 silly get     vary: 'Accept-Encoding' } ]
169 verbose etag https://registry.npmjs.org/bindings from cache
170 verbose get saving bindings to /home/qiang/.npm/registry.npmjs.org/bindings/.cache.json
171 verbose correctMkdir /home/qiang/.npm correctMkdir not in flight; initializing
172 silly pickManifestFromRegistryMetadata spec >=1.2.1 <1.3.0 tag latest versions [ '0.0.1',
172 silly pickManifestFromRegistryMetadata   '0.1.0',
172 silly pickManifestFromRegistryMetadata   '0.1.1',
172 silly pickManifestFromRegistryMetadata   '0.2.0',
172 silly pickManifestFromRegistryMetadata   '0.2.1',
172 silly pickManifestFromRegistryMetadata   '0.2.2',
172 silly pickManifestFromRegistryMetadata   '0.2.3',
172 silly pickManifestFromRegistryMetadata   '0.2.4',
172 silly pickManifestFromRegistryMetadata   '0.3.0',
172 silly pickManifestFromRegistryMetadata   '0.4.0',
172 silly pickManifestFromRegistryMetadata   '1.0.0',
172 silly pickManifestFromRegistryMetadata   '1.1.0',
172 silly pickManifestFromRegistryMetadata   '1.1.1',
172 silly pickManifestFromRegistryMetadata   '1.2.0',
172 silly pickManifestFromRegistryMetadata   '1.2.1' ]
173 silly resolveWithNewModule bindings@1.2.1 checking installable status
174 silly cache add args [ 'bindings@~1.2.1', null ]
175 verbose cache add spec bindings@~1.2.1
176 silly cache add parsed spec Result {
176 silly cache add   raw: 'bindings@~1.2.1',
176 silly cache add   scope: null,
176 silly cache add   escapedName: 'bindings',
176 silly cache add   name: 'bindings',
176 silly cache add   rawSpec: '~1.2.1',
176 silly cache add   spec: '>=1.2.1 <1.3.0',
176 silly cache add   type: 'range' }
177 silly addNamed bindings@>=1.2.1 <1.3.0
178 verbose addNamed ">=1.2.1 <1.3.0" is a valid semver range for bindings
179 silly addNameRange { name: 'bindings', range: '>=1.2.1 <1.3.0', hasData: false }
180 silly mapToRegistry name bindings
181 silly mapToRegistry using default registry
182 silly mapToRegistry registry https://registry.npmjs.org/
183 silly mapToRegistry data Result {
183 silly mapToRegistry   raw: 'bindings',
183 silly mapToRegistry   scope: null,
183 silly mapToRegistry   escapedName: 'bindings',
183 silly mapToRegistry   name: 'bindings',
183 silly mapToRegistry   rawSpec: '',
183 silly mapToRegistry   spec: 'latest',
183 silly mapToRegistry   type: 'tag' }
184 silly mapToRegistry uri https://registry.npmjs.org/bindings
185 verbose addNameRange registry:https://registry.npmjs.org/bindings not in flight; fetching
186 verbose get https://registry.npmjs.org/bindings not expired, no request
187 silly addNameRange number 2 { name: 'bindings', range: '>=1.2.1 <1.3.0', hasData: true }
188 silly addNameRange versions [ 'bindings',
188 silly addNameRange   [ '0.0.1',
188 silly addNameRange     '0.1.0',
188 silly addNameRange     '0.1.1',
188 silly addNameRange     '0.2.0',
188 silly addNameRange     '0.2.1',
188 silly addNameRange     '0.2.2',
188 silly addNameRange     '0.2.3',
188 silly addNameRange     '0.2.4',
188 silly addNameRange     '0.3.0',
188 silly addNameRange     '0.4.0',
188 silly addNameRange     '1.0.0',
188 silly addNameRange     '1.1.0',
188 silly addNameRange     '1.1.1',
188 silly addNameRange     '1.2.0',
188 silly addNameRange     '1.2.1' ] ]
189 silly pickManifestFromRegistryMetadata spec >=1.2.1 <1.3.0 tag latest versions [ '0.0.1',
189 silly pickManifestFromRegistryMetadata   '0.1.0',
189 silly pickManifestFromRegistryMetadata   '0.1.1',
189 silly pickManifestFromRegistryMetadata   '0.2.0',
189 silly pickManifestFromRegistryMetadata   '0.2.1',
189 silly pickManifestFromRegistryMetadata   '0.2.2',
189 silly pickManifestFromRegistryMetadata   '0.2.3',
189 silly pickManifestFromRegistryMetadata   '0.2.4',
189 silly pickManifestFromRegistryMetadata   '0.3.0',
189 silly pickManifestFromRegistryMetadata   '0.4.0',
189 silly pickManifestFromRegistryMetadata   '1.0.0',
189 silly pickManifestFromRegistryMetadata   '1.1.0',
189 silly pickManifestFromRegistryMetadata   '1.1.1',
189 silly pickManifestFromRegistryMetadata   '1.2.0',
189 silly pickManifestFromRegistryMetadata   '1.2.1' ]
190 silly addNamed bindings@latest
191 verbose addNamed "latest" is being treated as a dist-tag for bindings
192 info addNameTag [ 'bindings', 'latest' ]
193 silly mapToRegistry name bindings
194 silly mapToRegistry using default registry
195 silly mapToRegistry registry https://registry.npmjs.org/
196 silly mapToRegistry data Result {
196 silly mapToRegistry   raw: 'bindings',
196 silly mapToRegistry   scope: null,
196 silly mapToRegistry   escapedName: 'bindings',
196 silly mapToRegistry   name: 'bindings',
196 silly mapToRegistry   rawSpec: '',
196 silly mapToRegistry   spec: 'latest',
196 silly mapToRegistry   type: 'tag' }
197 silly mapToRegistry uri https://registry.npmjs.org/bindings
198 verbose addNameTag registry:https://registry.npmjs.org/bindings already in flight; waiting
199 silly addNameTag next cb for bindings with tag latest
200 silly addNamed bindings@1.2.1
201 verbose addNamed "1.2.1" is a plain semver version for bindings
202 silly cache afterAdd bindings@1.2.1
203 verbose afterAdd /home/qiang/.npm/bindings/1.2.1/package/package.json not in flight; writing
204 verbose correctMkdir /home/qiang/.npm correctMkdir not in flight; initializing
205 verbose afterAdd /home/qiang/.npm/bindings/1.2.1/package/package.json written
206 silly loadAllDepsIntoIdealTree Finishing
207 silly loadIdealTree Finishing
208 silly currentTree emojifier
208 silly currentTree ├── accepts@1.3.3
208 silly currentTree ├── array-flatten@1.1.1
208 silly currentTree ├── content-disposition@0.5.2
208 silly currentTree ├── content-type@1.0.2
208 silly currentTree ├── cookie-signature@1.0.6
208 silly currentTree ├── cookie@0.3.1
208 silly currentTree ├── debug@2.2.0
208 silly currentTree ├── depd@1.1.0
208 silly currentTree ├── destroy@1.0.4
208 silly currentTree ├── ee-first@1.1.1
208 silly currentTree ├── encodeurl@1.0.1
208 silly currentTree ├── escape-html@1.0.3
208 silly currentTree ├── etag@1.7.0
208 silly currentTree ├── eventemitter3@2.0.2
208 silly currentTree ├── express@4.14.1
208 silly currentTree ├── finalhandler@0.5.1
208 silly currentTree ├── forwarded@0.1.0
208 silly currentTree ├── fresh@0.3.0
208 silly currentTree ├── http-errors@1.5.1
208 silly currentTree ├── inherits@2.0.3
208 silly currentTree ├── ipaddr.js@1.2.0
208 silly currentTree ├── jQuery@1.7.4
208 silly currentTree ├── media-typer@0.3.0
208 silly currentTree ├── merge-descriptors@1.0.1
208 silly currentTree ├── methods@1.1.2
208 silly currentTree ├── mime-db@1.26.0
208 silly currentTree ├── mime-types@2.1.14
208 silly currentTree ├── mime@1.3.4
208 silly currentTree ├── ms@0.7.1
208 silly currentTree ├── msgpack@1.0.2
208 silly currentTree ├── nan@2.5.1
208 silly currentTree ├── native-promise-only@0.8.1
208 silly currentTree ├── negotiator@0.6.1
208 silly currentTree ├── on-finished@2.3.0
208 silly currentTree ├── parseurl@1.3.1
208 silly currentTree ├── path-to-regexp@0.1.7
208 silly currentTree ├── proxy-addr@1.1.3
208 silly currentTree ├── qs@6.2.0
208 silly currentTree ├── range-parser@1.2.0
208 silly currentTree ├─┬ send@0.14.2
208 silly currentTree │ └── ms@0.7.2
208 silly currentTree ├── serve-static@1.11.2
208 silly currentTree ├── setprototypeof@1.0.2
208 silly currentTree ├── statuses@1.3.1
208 silly currentTree ├── threads@0.7.2
208 silly currentTree ├── type-is@1.6.14
208 silly currentTree ├── underscore@1.3.3
208 silly currentTree ├── unpipe@1.0.0
208 silly currentTree ├── utils-merge@1.0.0
208 silly currentTree ├── uuid@3.0.1
208 silly currentTree └── vary@1.1.0
209 silly idealTree emojifier
209 silly idealTree ├── accepts@1.3.3
209 silly idealTree ├── array-flatten@1.1.1
209 silly idealTree ├── bindings@1.2.1
209 silly idealTree ├── content-disposition@0.5.2
209 silly idealTree ├── content-type@1.0.2
209 silly idealTree ├── cookie-signature@1.0.6
209 silly idealTree ├── cookie@0.3.1
209 silly idealTree ├── debug@2.2.0
209 silly idealTree ├── depd@1.1.0
209 silly idealTree ├── destroy@1.0.4
209 silly idealTree ├── ee-first@1.1.1
209 silly idealTree ├── encodeurl@1.0.1
209 silly idealTree ├── escape-html@1.0.3
209 silly idealTree ├── etag@1.7.0
209 silly idealTree ├── eventemitter3@2.0.2
209 silly idealTree ├── express@4.14.1
209 silly idealTree ├── finalhandler@0.5.1
209 silly idealTree ├── forwarded@0.1.0
209 silly idealTree ├── fresh@0.3.0
209 silly idealTree ├── http-errors@1.5.1
209 silly idealTree ├── inherits@2.0.3
209 silly idealTree ├── ipaddr.js@1.2.0
209 silly idealTree ├── jQuery@1.7.4
209 silly idealTree ├── media-typer@0.3.0
209 silly idealTree ├── merge-descriptors@1.0.1
209 silly idealTree ├── methods@1.1.2
209 silly idealTree ├── mime-db@1.26.0
209 silly idealTree ├── mime-types@2.1.14
209 silly idealTree ├── mime@1.3.4
209 silly idealTree ├── ms@0.7.1
209 silly idealTree ├── msgpack@1.0.2
209 silly idealTree ├── nan@2.5.1
209 silly idealTree ├── native-promise-only@0.8.1
209 silly idealTree ├── negotiator@0.6.1
209 silly idealTree ├── on-finished@2.3.0
209 silly idealTree ├── parseurl@1.3.1
209 silly idealTree ├── path-to-regexp@0.1.7
209 silly idealTree ├── proxy-addr@1.1.3
209 silly idealTree ├── qs@6.2.0
209 silly idealTree ├── range-parser@1.2.0
209 silly idealTree ├─┬ send@0.14.2
209 silly idealTree │ └── ms@0.7.2
209 silly idealTree ├── serve-static@1.11.2
209 silly idealTree ├── setprototypeof@1.0.2
209 silly idealTree ├── statuses@1.3.1
209 silly idealTree ├── threads@0.7.2
209 silly idealTree ├── type-is@1.6.14
209 silly idealTree ├── underscore@1.3.3
209 silly idealTree ├── unpipe@1.0.0
209 silly idealTree ├── utils-merge@1.0.0
209 silly idealTree ├── uuid@3.0.1
209 silly idealTree ├── vary@1.1.0
209 silly idealTree ├── zerorpc@0.9.7
209 silly idealTree └─┬ zmq@2.15.3
209 silly idealTree   └── nan@2.3.5
210 silly generateActionsToTake Starting
211 silly install generateActionsToTake
212 silly generateActionsToTake Finishing
213 silly diffTrees action count 4
214 silly diffTrees add bindings@1.2.1
215 silly diffTrees add nan@2.3.5
216 silly diffTrees add zmq@2.15.3
217 silly diffTrees add zerorpc@0.9.7
218 silly decomposeActions action count 32
219 silly decomposeActions fetch bindings@1.2.1
220 silly decomposeActions extract bindings@1.2.1
221 silly decomposeActions test bindings@1.2.1
222 silly decomposeActions preinstall bindings@1.2.1
223 silly decomposeActions build bindings@1.2.1
224 silly decomposeActions install bindings@1.2.1
225 silly decomposeActions postinstall bindings@1.2.1
226 silly decomposeActions finalize bindings@1.2.1
227 silly decomposeActions fetch nan@2.3.5
228 silly decomposeActions extract nan@2.3.5
229 silly decomposeActions test nan@2.3.5
230 silly decomposeActions preinstall nan@2.3.5
231 silly decomposeActions build nan@2.3.5
232 silly decomposeActions install nan@2.3.5
233 silly decomposeActions postinstall nan@2.3.5
234 silly decomposeActions finalize nan@2.3.5
235 silly decomposeActions fetch zmq@2.15.3
236 silly decomposeActions extract zmq@2.15.3
237 silly decomposeActions test zmq@2.15.3
238 silly decomposeActions preinstall zmq@2.15.3
239 silly decomposeActions build zmq@2.15.3
240 silly decomposeActions install zmq@2.15.3
241 silly decomposeActions postinstall zmq@2.15.3
242 silly decomposeActions finalize zmq@2.15.3
243 silly decomposeActions fetch zerorpc@0.9.7
244 silly decomposeActions extract zerorpc@0.9.7
245 silly decomposeActions test zerorpc@0.9.7
246 silly decomposeActions preinstall zerorpc@0.9.7
247 silly decomposeActions build zerorpc@0.9.7
248 silly decomposeActions install zerorpc@0.9.7
249 silly decomposeActions postinstall zerorpc@0.9.7
250 silly decomposeActions finalize zerorpc@0.9.7
251 silly runTopLevelLifecycles Starting
252 silly executeActions Starting
253 silly install executeActions
254 silly doSerial global-install 0
255 silly doParallel fetch 4
256 verbose correctMkdir /home/qiang/.npm/_locks correctMkdir not in flight; initializing
257 verbose lock using /home/qiang/.npm/_locks/staging-a16a9ee032c3af37.lock for /home/qiang/emojifier/node_modules/.staging
258 silly doParallel extract 4
259 silly extract bindings@1.2.1
260 silly extract nan@2.3.5
261 silly extract zmq@2.15.3
262 silly extract zerorpc@0.9.7
263 verbose unbuild node_modules/.staging/bindings-6493407d
264 verbose unbuild node_modules/.staging/zerorpc-150eb683
265 verbose unbuild node_modules/.staging/zmq-eadfa06a
266 verbose unbuild node_modules/.staging/nan-ae2cc502
267 silly gentlyRm /home/qiang/emojifier/node_modules/.staging/bindings-6493407d is being purged from base /home/qiang/emojifier
268 verbose gentlyRm don't care about contents; nuking /home/qiang/emojifier/node_modules/.staging/bindings-6493407d
269 silly gentlyRm /home/qiang/emojifier/node_modules/.staging/zerorpc-150eb683 is being purged from base /home/qiang/emojifier
270 verbose gentlyRm don't care about contents; nuking /home/qiang/emojifier/node_modules/.staging/zerorpc-150eb683
271 silly gentlyRm /home/qiang/emojifier/node_modules/.staging/nan-ae2cc502 is being purged from base /home/qiang/emojifier
272 verbose gentlyRm don't care about contents; nuking /home/qiang/emojifier/node_modules/.staging/nan-ae2cc502
273 silly gentlyRm /home/qiang/emojifier/node_modules/.staging/zmq-eadfa06a is being purged from base /home/qiang/emojifier
274 verbose gentlyRm don't care about contents; nuking /home/qiang/emojifier/node_modules/.staging/zmq-eadfa06a
275 verbose tar unpack /home/qiang/.npm/bindings/1.2.1/package.tgz
276 verbose tar unpacking to /home/qiang/emojifier/node_modules/.staging/bindings-6493407d
277 silly gentlyRm /home/qiang/emojifier/node_modules/.staging/bindings-6493407d is being purged
278 verbose gentlyRm don't care about contents; nuking /home/qiang/emojifier/node_modules/.staging/bindings-6493407d
279 verbose tar unpack /home/qiang/.npm/zerorpc/0.9.7/package.tgz
280 verbose tar unpacking to /home/qiang/emojifier/node_modules/.staging/zerorpc-150eb683
281 silly gentlyRm /home/qiang/emojifier/node_modules/.staging/zerorpc-150eb683 is being purged
282 verbose gentlyRm don't care about contents; nuking /home/qiang/emojifier/node_modules/.staging/zerorpc-150eb683
283 verbose tar unpack /home/qiang/.npm/nan/2.3.5/package.tgz
284 verbose tar unpacking to /home/qiang/emojifier/node_modules/.staging/nan-ae2cc502
285 silly gentlyRm /home/qiang/emojifier/node_modules/.staging/nan-ae2cc502 is being purged
286 verbose gentlyRm don't care about contents; nuking /home/qiang/emojifier/node_modules/.staging/nan-ae2cc502
287 verbose tar unpack /home/qiang/.npm/zmq/2.15.3/package.tgz
288 verbose tar unpacking to /home/qiang/emojifier/node_modules/.staging/zmq-eadfa06a
289 silly gentlyRm /home/qiang/emojifier/node_modules/.staging/zmq-eadfa06a is being purged
290 verbose gentlyRm don't care about contents; nuking /home/qiang/emojifier/node_modules/.staging/zmq-eadfa06a
291 silly gunzTarPerm modes [ '775', '664' ]
292 silly gunzTarPerm modes [ '775', '664' ]
293 silly gunzTarPerm modes [ '775', '664' ]
294 silly gunzTarPerm modes [ '775', '664' ]
295 silly gunzTarPerm extractEntry package.json
296 silly gunzTarPerm modified mode [ 'package.json', 420, 436 ]
297 silly gunzTarPerm extractEntry package.json
298 silly gunzTarPerm extractEntry package.json
299 silly gunzTarPerm extractEntry package.json
300 silly gunzTarPerm modified mode [ 'package.json', 420, 436 ]
301 silly gunzTarPerm extractEntry README.md
302 silly gunzTarPerm modified mode [ 'README.md', 420, 436 ]
303 silly gunzTarPerm extractEntry bindings.js
304 silly gunzTarPerm modified mode [ 'bindings.js', 420, 436 ]
305 silly gunzTarPerm extractEntry README.md
306 silly gunzTarPerm extractEntry include_dirs.js
307 silly gunzTarPerm extractEntry .npmignore
308 silly gunzTarPerm extractEntry README.md
309 silly gunzTarPerm extractEntry .npmignore
310 silly gunzTarPerm modified mode [ '.npmignore', 420, 436 ]
311 silly gunzTarPerm extractEntry README.md
312 silly gunzTarPerm modified mode [ 'README.md', 420, 436 ]
313 silly gunzTarPerm extractEntry nan_converters.h
314 silly gunzTarPerm extractEntry LICENSE.md
315 silly gunzTarPerm extractEntry doc/node_misc.md
316 silly gunzTarPerm extractEntry LICENSE
317 silly gunzTarPerm modified mode [ 'LICENSE', 420, 436 ]
318 silly gunzTarPerm extractEntry index.js
319 silly gunzTarPerm modified mode [ 'index.js', 420, 436 ]
320 silly gunzTarPerm extractEntry LICENSE
321 silly gunzTarPerm extractEntry index.js
322 silly gunzTarPerm extractEntry doc/asyncworker.md
323 silly gunzTarPerm extractEntry .travis.yml
324 silly gunzTarPerm extractEntry lib/buffer.js
325 silly gunzTarPerm modified mode [ 'lib/buffer.js', 384, 436 ]
326 silly gunzTarPerm extractEntry binding.gyp
327 silly gunzTarPerm modified mode [ 'binding.gyp', 420, 436 ]
328 silly gunzTarPerm extractEntry Makefile
329 silly gunzTarPerm modified mode [ 'Makefile', 420, 436 ]
330 silly gunzTarPerm extractEntry doc/callback.md
331 silly gunzTarPerm extractEntry doc/converters.md
332 silly gunzTarPerm extractEntry lib/channel.js
333 silly gunzTarPerm modified mode [ 'lib/channel.js', 384, 436 ]
334 silly gunzTarPerm extractEntry lib/client.js
335 silly gunzTarPerm extractEntry lib/events.js
336 silly gunzTarPerm extractEntry lib/middleware.js
337 silly gunzTarPerm modified mode [ 'lib/middleware.js', 384, 436 ]
338 silly gunzTarPerm extractEntry lib/server.js
339 silly gunzTarPerm extractEntry lib/socket.js
340 silly gunzTarPerm modified mode [ 'lib/socket.js', 384, 436 ]
341 silly gunzTarPerm extractEntry lib/util.js
342 silly gunzTarPerm modified mode [ 'lib/util.js', 384, 436 ]
343 silly gunzTarPerm extractEntry test/buffers.js
344 silly gunzTarPerm modified mode [ 'test/buffers.js', 384, 436 ]
345 silly gunzTarPerm extractEntry test/errors.js
346 silly gunzTarPerm modified mode [ 'test/errors.js', 384, 436 ]
347 silly gunzTarPerm extractEntry test/heartbeats.js
348 silly gunzTarPerm modified mode [ 'test/heartbeats.js', 384, 436 ]
349 silly gunzTarPerm extractEntry test/invocation.js
350 silly gunzTarPerm modified mode [ 'test/invocation.js', 384, 436 ]
351 silly gunzTarPerm extractEntry test/repro-10.js
352 silly gunzTarPerm modified mode [ 'test/repro-10.js', 384, 436 ]
353 silly gunzTarPerm extractEntry test/streams.js
354 silly gunzTarPerm modified mode [ 'test/streams.js', 384, 436 ]
355 silly gunzTarPerm extractEntry test/timeouts.js
356 silly gunzTarPerm extractEntry test/lib/testutil.js
357 silly gunzTarPerm modified mode [ 'test/lib/testutil.js', 384, 436 ]
358 silly gunzTarPerm extractEntry .travis.yml
359 silly gunzTarPerm modified mode [ '.travis.yml', 420, 436 ]
360 silly gunzTarPerm extractEntry appveyor.yml
361 silly gunzTarPerm modified mode [ 'appveyor.yml', 420, 436 ]
362 silly gunzTarPerm extractEntry doc/errors.md
363 silly gunzTarPerm extractEntry doc/maybe_types.md
364 silly gunzTarPerm extractEntry binding.cc
365 silly gunzTarPerm modified mode [ 'binding.cc', 420, 436 ]
366 silly gunzTarPerm extractEntry examples/dealer_router.js
367 silly gunzTarPerm modified mode [ 'examples/dealer_router.js', 420, 436 ]
368 silly gunzTarPerm extractEntry doc/methods.md
369 silly gunzTarPerm extractEntry doc/new.md
370 silly gunzTarPerm extractEntry examples/pub_sub.js
371 silly gunzTarPerm modified mode [ 'examples/pub_sub.js', 420, 436 ]
372 silly gunzTarPerm extractEntry examples/push_pull.js
373 silly gunzTarPerm modified mode [ 'examples/push_pull.js', 420, 436 ]
374 silly gentlyRm /home/qiang/emojifier/node_modules/.staging/bindings-6493407d/node_modules is being purged
375 verbose gentlyRm don't care about contents; nuking /home/qiang/emojifier/node_modules/.staging/bindings-6493407d/node_modules
376 silly gunzTarPerm extractEntry doc/buffers.md
377 silly gunzTarPerm extractEntry doc/object_wrappers.md
378 silly gunzTarPerm extractEntry examples/rep_req.js
379 silly gunzTarPerm modified mode [ 'examples/rep_req.js', 420, 436 ]
380 silly gunzTarPerm extractEntry examples/req_rep.js
381 silly gunzTarPerm modified mode [ 'examples/req_rep.js', 420, 436 ]
382 silly gunzTarPerm extractEntry doc/persistent.md
383 silly gunzTarPerm extractEntry examples/router_dealer.js
384 silly gunzTarPerm modified mode [ 'examples/router_dealer.js', 420, 436 ]
385 silly gunzTarPerm extractEntry examples/rpc.js
386 silly gunzTarPerm modified mode [ 'examples/rpc.js', 420, 436 ]
387 silly gunzTarPerm extractEntry doc/scopes.md
388 silly gunzTarPerm extractEntry doc/script.md
389 silly gunzTarPerm extractEntry examples/devices/forwarder.js
390 silly gunzTarPerm modified mode [ 'examples/devices/forwarder.js', 420, 436 ]
391 silly gunzTarPerm extractEntry examples/devices/queue.js
392 silly gunzTarPerm modified mode [ 'examples/devices/queue.js', 420, 436 ]
393 silly gunzTarPerm extractEntry examples/devices/streamer.js
394 silly gunzTarPerm modified mode [ 'examples/devices/streamer.js', 420, 436 ]
395 silly gunzTarPerm extractEntry examples/workers/producer.js
396 silly gunzTarPerm modified mode [ 'examples/workers/producer.js', 420, 436 ]
397 silly gunzTarPerm extractEntry examples/workers/worker.js
398 silly gunzTarPerm modified mode [ 'examples/workers/worker.js', 420, 436 ]
399 silly gunzTarPerm extractEntry doc/string_bytes.md
400 silly gunzTarPerm extractEntry doc/v8_internals.md
401 silly gunzTarPerm extractEntry History.md
402 silly gunzTarPerm modified mode [ 'History.md', 420, 436 ]
403 silly gunzTarPerm extractEntry lib/index.js
404 silly gunzTarPerm modified mode [ 'lib/index.js', 420, 436 ]
405 silly gunzTarPerm extractEntry doc/v8_misc.md
406 silly gunzTarPerm extractEntry nan.h
407 silly gunzTarPerm extractEntry test/context.js
408 silly gunzTarPerm modified mode [ 'test/context.js', 420, 436 ]
409 silly gunzTarPerm extractEntry test/socket.monitor.js
410 silly gunzTarPerm modified mode [ 'test/socket.monitor.js', 420, 436 ]
411 silly gunzTarPerm extractEntry nan_callbacks.h
412 silly gunzTarPerm extractEntry nan_callbacks_12_inl.h
413 silly gunzTarPerm extractEntry nan_callbacks_pre_12_inl.h
414 silly gunzTarPerm extractEntry nan_converters_43_inl.h
415 silly gunzTarPerm extractEntry test/socket.pair.js
416 silly gunzTarPerm modified mode [ 'test/socket.pair.js', 420, 436 ]
417 silly gunzTarPerm extractEntry test/socket.pub-sub.js
418 silly gunzTarPerm modified mode [ 'test/socket.pub-sub.js', 420, 436 ]
419 silly gunzTarPerm extractEntry nan_converters_pre_43_inl.h
420 silly gunzTarPerm extractEntry nan_implementation_12_inl.h
421 silly gunzTarPerm extractEntry nan_implementation_pre_12_inl.h
422 silly gunzTarPerm extractEntry nan_maybe_43_inl.h
423 silly gunzTarPerm extractEntry test/socket.messages.js
424 silly gunzTarPerm modified mode [ 'test/socket.messages.js', 420, 436 ]
425 silly gunzTarPerm extractEntry test/exports.js
426 silly gunzTarPerm modified mode [ 'test/exports.js', 420, 436 ]
427 silly gunzTarPerm extractEntry nan_maybe_pre_43_inl.h
428 silly gunzTarPerm extractEntry nan_new.h
429 silly gunzTarPerm extractEntry test/socket.router.js
430 silly gunzTarPerm modified mode [ 'test/socket.router.js', 420, 436 ]
431 silly gunzTarPerm extractEntry test/socket.stream.js
432 silly gunzTarPerm modified mode [ 'test/socket.stream.js', 420, 436 ]
433 silly gunzTarPerm extractEntry test/socket.unbind.js
434 silly gunzTarPerm modified mode [ 'test/socket.unbind.js', 420, 436 ]
435 silly gunzTarPerm extractEntry test/socket.xpub-xsub.js
436 silly gunzTarPerm modified mode [ 'test/socket.xpub-xsub.js', 420, 436 ]
437 silly gunzTarPerm extractEntry nan_object_wrap.h
438 silly gunzTarPerm extractEntry nan_persistent_12_inl.h
439 silly gunzTarPerm extractEntry test/socket.js
440 silly gunzTarPerm modified mode [ 'test/socket.js', 420, 436 ]
441 silly gunzTarPerm extractEntry test/socket.zap.js
442 silly gunzTarPerm modified mode [ 'test/socket.zap.js', 420, 436 ]
443 silly gunzTarPerm extractEntry nan_persistent_pre_12_inl.h
444 silly gunzTarPerm extractEntry nan_string_bytes.h
445 silly gunzTarPerm extractEntry test/socket.events.js
446 silly gunzTarPerm modified mode [ 'test/socket.events.js', 420, 436 ]
447 silly gunzTarPerm extractEntry test/zap.js
448 silly gunzTarPerm modified mode [ 'test/zap.js', 420, 436 ]
449 silly gunzTarPerm extractEntry nan_typedarray_contents.h
450 silly gunzTarPerm extractEntry nan_weak.h
451 silly gunzTarPerm extractEntry test/socket.error-callback.js
452 silly gunzTarPerm modified mode [ 'test/socket.error-callback.js', 420, 436 ]
453 silly gunzTarPerm extractEntry test/zmq_proxy.js
454 silly gunzTarPerm modified mode [ 'test/zmq_proxy.js', 420, 436 ]
455 silly gunzTarPerm extractEntry CHANGELOG.md
456 silly gunzTarPerm extractEntry tools/package.json
457 silly gunzTarPerm extractEntry test/zmq_proxy.xpub-xsub.js
458 silly gunzTarPerm modified mode [ 'test/zmq_proxy.xpub-xsub.js', 420, 436 ]
459 silly gunzTarPerm extractEntry test/zmq_proxy.push-pull.js
460 silly gunzTarPerm modified mode [ 'test/zmq_proxy.push-pull.js', 420, 436 ]
461 silly gunzTarPerm extractEntry tools/README.md
462 silly gunzTarPerm extractEntry tools/1to2.js
463 silly gunzTarPerm extractEntry test/gc.js
464 silly gunzTarPerm modified mode [ 'test/gc.js', 420, 436 ]
465 silly gunzTarPerm extractEntry test/zmq_proxy.router-dealer.js
466 silly gunzTarPerm modified mode [ 'test/zmq_proxy.router-dealer.js', 420, 436 ]
467 silly gunzTarPerm extractEntry test/socket.push-pull.js
468 silly gunzTarPerm modified mode [ 'test/socket.push-pull.js', 420, 436 ]
469 silly gunzTarPerm extractEntry test/zmq_proxy.xrep-xreq.js
470 silly gunzTarPerm modified mode [ 'test/zmq_proxy.xrep-xreq.js', 420, 436 ]
471 silly gunzTarPerm extractEntry test/socket.req-rep.js
472 silly gunzTarPerm modified mode [ 'test/socket.req-rep.js', 420, 436 ]
473 silly gunzTarPerm extractEntry test/mocha.opts
474 silly gunzTarPerm modified mode [ 'test/mocha.opts', 420, 436 ]
475 silly gunzTarPerm extractEntry .editorconfig
476 silly gunzTarPerm modified mode [ '.editorconfig', 420, 436 ]
477 silly gunzTarPerm extractEntry perf/local_lat.js
478 silly gunzTarPerm modified mode [ 'perf/local_lat.js', 420, 436 ]
479 silly gunzTarPerm extractEntry perf/local_thr.js
480 silly gunzTarPerm modified mode [ 'perf/local_thr.js', 420, 436 ]
481 silly gunzTarPerm extractEntry perf/remote_lat.js
482 silly gunzTarPerm modified mode [ 'perf/remote_lat.js', 420, 436 ]
483 silly gunzTarPerm extractEntry perf/remote_thr.js
484 silly gunzTarPerm modified mode [ 'perf/remote_thr.js', 420, 436 ]
485 silly gunzTarPerm extractEntry windows/include/zmq.h
486 silly gunzTarPerm modified mode [ 'windows/include/zmq.h', 420, 436 ]
487 silly gunzTarPerm extractEntry windows/include/zmq_utils.h
488 silly gunzTarPerm modified mode [ 'windows/include/zmq_utils.h', 420, 436 ]
489 silly gunzTarPerm extractEntry windows/lib/x64/libzmq-v100-mt-4_0_4.dll
490 silly gunzTarPerm modified mode [ 'windows/lib/x64/libzmq-v100-mt-4_0_4.dll', 420, 436 ]
491 silly gentlyRm /home/qiang/emojifier/node_modules/.staging/zerorpc-150eb683/node_modules is being purged
492 verbose gentlyRm don't care about contents; nuking /home/qiang/emojifier/node_modules/.staging/zerorpc-150eb683/node_modules
493 silly gunzTarPerm extractEntry windows/lib/x64/libzmq-v100-mt-4_0_4.lib
494 silly gunzTarPerm modified mode [ 'windows/lib/x64/libzmq-v100-mt-4_0_4.lib', 420, 436 ]
495 silly gunzTarPerm extractEntry windows/lib/x86/libzmq-v100-mt-4_0_4.dll
496 silly gunzTarPerm modified mode [ 'windows/lib/x86/libzmq-v100-mt-4_0_4.dll', 420, 436 ]
497 silly gunzTarPerm extractEntry windows/lib/x86/libzmq-v100-mt-4_0_4.lib
498 silly gunzTarPerm modified mode [ 'windows/lib/x86/libzmq-v100-mt-4_0_4.lib', 420, 436 ]
499 silly gentlyRm /home/qiang/emojifier/node_modules/.staging/nan-ae2cc502/node_modules is being purged
500 verbose gentlyRm don't care about contents; nuking /home/qiang/emojifier/node_modules/.staging/nan-ae2cc502/node_modules
501 silly gentlyRm /home/qiang/emojifier/node_modules/.staging/zmq-eadfa06a/node_modules is being purged
502 verbose gentlyRm don't care about contents; nuking /home/qiang/emojifier/node_modules/.staging/zmq-eadfa06a/node_modules
503 silly doParallel preinstall 4
504 silly preinstall bindings@1.2.1
505 info lifecycle bindings@1.2.1~preinstall: bindings@1.2.1
506 silly preinstall nan@2.3.5
507 info lifecycle nan@2.3.5~preinstall: nan@2.3.5
508 silly preinstall zmq@2.15.3
509 info lifecycle zmq@2.15.3~preinstall: zmq@2.15.3
510 silly preinstall zerorpc@0.9.7
511 info lifecycle zerorpc@0.9.7~preinstall: zerorpc@0.9.7
512 silly lifecycle bindings@1.2.1~preinstall: no script for preinstall, continuing
513 silly lifecycle nan@2.3.5~preinstall: no script for preinstall, continuing
514 silly lifecycle zmq@2.15.3~preinstall: no script for preinstall, continuing
515 silly lifecycle zerorpc@0.9.7~preinstall: no script for preinstall, continuing
516 silly doReverseSerial remove 0
517 silly doSerial move 0
518 silly doSerial finalize 4
519 silly finalize /home/qiang/emojifier/node_modules/bindings
520 silly finalize /home/qiang/emojifier/node_modules/zmq/node_modules/nan
521 silly finalize /home/qiang/emojifier/node_modules/zmq
522 silly finalize /home/qiang/emojifier/node_modules/zerorpc
523 silly doSerial build 4
524 silly build bindings@1.2.1
525 info linkStuff bindings@1.2.1
526 silly linkStuff bindings@1.2.1 has /home/qiang/emojifier/node_modules as its parent node_modules
527 verbose linkBins bindings@1.2.1
528 verbose linkMans bindings@1.2.1
529 silly build nan@2.3.5
530 info linkStuff nan@2.3.5
531 silly linkStuff nan@2.3.5 has /home/qiang/emojifier/node_modules/zmq/node_modules as its parent node_modules
532 verbose linkBins nan@2.3.5
533 verbose linkMans nan@2.3.5
534 silly build zmq@2.15.3
535 info linkStuff zmq@2.15.3
536 silly linkStuff zmq@2.15.3 has /home/qiang/emojifier/node_modules as its parent node_modules
537 verbose linkBins zmq@2.15.3
538 verbose linkMans zmq@2.15.3
539 silly build zerorpc@0.9.7
540 info linkStuff zerorpc@0.9.7
541 silly linkStuff zerorpc@0.9.7 has /home/qiang/emojifier/node_modules as its parent node_modules
542 verbose linkBins zerorpc@0.9.7
543 verbose linkMans zerorpc@0.9.7
544 silly doSerial global-link 0
545 silly doParallel update-linked 0
546 silly doSerial install 4
547 silly install bindings@1.2.1
548 info lifecycle bindings@1.2.1~install: bindings@1.2.1
549 silly lifecycle bindings@1.2.1~install: no script for install, continuing
550 silly install nan@2.3.5
551 info lifecycle nan@2.3.5~install: nan@2.3.5
552 silly lifecycle nan@2.3.5~install: no script for install, continuing
553 silly install zmq@2.15.3
554 info lifecycle zmq@2.15.3~install: zmq@2.15.3
555 verbose lifecycle zmq@2.15.3~install: unsafe-perm in lifecycle true
556 verbose lifecycle zmq@2.15.3~install: PATH: /home/qiang/.nvm/versions/node/v7.5.0/lib/node_modules/npm/bin/node-gyp-bin:/home/qiang/emojifier/node_modules/zmq/node_modules/.bin:/home/qiang/emojifier/node_modules/.bin:/home/qiang/.nvm/versions/node/v7.5.0/bin:/usr/lib64/ccache:/usr/lib64/qt-3.3/bin:/usr/local/bin:/usr/local/sbin:/usr/bin:/usr/sbin:/home/qiang/.cabal/bin:/home/qiang/.local/bin:/home/qiang/bin
557 verbose lifecycle zmq@2.15.3~install: CWD: /home/qiang/emojifier/node_modules/zmq
558 silly lifecycle zmq@2.15.3~install: Args: [ '-c', 'node-gyp rebuild' ]
559 silly lifecycle zmq@2.15.3~install: Returned: code: 1  signal: null
560 info lifecycle zmq@2.15.3~install: Failed to exec install script
561 verbose unlock done using /home/qiang/.npm/_locks/staging-a16a9ee032c3af37.lock for /home/qiang/emojifier/node_modules/.staging
562 silly rollbackFailedOptional Starting
563 silly gentlyRm /home/qiang/emojifier/node_modules/bindings is being purged from base /home/qiang/emojifier
564 verbose gentlyRm don't care about contents; nuking /home/qiang/emojifier/node_modules/bindings
565 silly gentlyRm /home/qiang/emojifier/node_modules/bindings is being purged from base /home/qiang/emojifier
566 verbose gentlyRm don't care about contents; nuking /home/qiang/emojifier/node_modules/bindings
567 silly gentlyRm /home/qiang/emojifier/node_modules/bindings is being purged from base /home/qiang/emojifier
568 verbose gentlyRm don't care about contents; nuking /home/qiang/emojifier/node_modules/bindings
569 silly gentlyRm /home/qiang/emojifier/node_modules/bindings is being purged from base /home/qiang/emojifier
570 verbose gentlyRm don't care about contents; nuking /home/qiang/emojifier/node_modules/bindings
571 silly gentlyRm /home/qiang/emojifier/node_modules/bindings is being purged from base /home/qiang/emojifier
572 verbose gentlyRm don't care about contents; nuking /home/qiang/emojifier/node_modules/bindings
573 silly gentlyRm /home/qiang/emojifier/node_modules/bindings is being purged from base /home/qiang/emojifier
574 verbose gentlyRm don't care about contents; nuking /home/qiang/emojifier/node_modules/bindings
575 silly gentlyRm /home/qiang/emojifier/node_modules/bindings is being purged from base /home/qiang/emojifier
576 verbose gentlyRm don't care about contents; nuking /home/qiang/emojifier/node_modules/bindings
577 silly gentlyRm /home/qiang/emojifier/node_modules/bindings is being purged from base /home/qiang/emojifier
578 verbose gentlyRm don't care about contents; nuking /home/qiang/emojifier/node_modules/bindings
579 silly gentlyRm /home/qiang/emojifier/node_modules/zmq/node_modules/nan is being purged from base /home/qiang/emojifier
580 verbose gentlyRm don't care about contents; nuking /home/qiang/emojifier/node_modules/zmq/node_modules/nan
581 silly gentlyRm /home/qiang/emojifier/node_modules/zmq/node_modules/nan is being purged from base /home/qiang/emojifier
582 verbose gentlyRm don't care about contents; nuking /home/qiang/emojifier/node_modules/zmq/node_modules/nan
583 silly gentlyRm /home/qiang/emojifier/node_modules/zmq/node_modules/nan is being purged from base /home/qiang/emojifier
584 verbose gentlyRm don't care about contents; nuking /home/qiang/emojifier/node_modules/zmq/node_modules/nan
585 silly gentlyRm /home/qiang/emojifier/node_modules/zmq/node_modules/nan is being purged from base /home/qiang/emojifier
586 verbose gentlyRm don't care about contents; nuking /home/qiang/emojifier/node_modules/zmq/node_modules/nan
587 silly gentlyRm /home/qiang/emojifier/node_modules/zmq/node_modules/nan is being purged from base /home/qiang/emojifier
588 verbose gentlyRm don't care about contents; nuking /home/qiang/emojifier/node_modules/zmq/node_modules/nan
589 silly gentlyRm /home/qiang/emojifier/node_modules/zmq/node_modules/nan is being purged from base /home/qiang/emojifier
590 verbose gentlyRm don't care about contents; nuking /home/qiang/emojifier/node_modules/zmq/node_modules/nan
591 silly gentlyRm /home/qiang/emojifier/node_modules/zmq/node_modules/nan is being purged from base /home/qiang/emojifier
592 verbose gentlyRm don't care about contents; nuking /home/qiang/emojifier/node_modules/zmq/node_modules/nan
593 silly gentlyRm /home/qiang/emojifier/node_modules/zmq/node_modules/nan is being purged from base /home/qiang/emojifier
594 verbose gentlyRm don't care about contents; nuking /home/qiang/emojifier/node_modules/zmq/node_modules/nan
595 silly gentlyRm /home/qiang/emojifier/node_modules/zmq is being purged from base /home/qiang/emojifier
596 verbose gentlyRm don't care about contents; nuking /home/qiang/emojifier/node_modules/zmq
597 silly gentlyRm /home/qiang/emojifier/node_modules/zmq is being purged from base /home/qiang/emojifier
598 verbose gentlyRm don't care about contents; nuking /home/qiang/emojifier/node_modules/zmq
599 silly gentlyRm /home/qiang/emojifier/node_modules/zmq is being purged from base /home/qiang/emojifier
600 verbose gentlyRm don't care about contents; nuking /home/qiang/emojifier/node_modules/zmq
601 silly gentlyRm /home/qiang/emojifier/node_modules/zmq is being purged from base /home/qiang/emojifier
602 verbose gentlyRm don't care about contents; nuking /home/qiang/emojifier/node_modules/zmq
603 silly gentlyRm /home/qiang/emojifier/node_modules/zmq is being purged from base /home/qiang/emojifier
604 verbose gentlyRm don't care about contents; nuking /home/qiang/emojifier/node_modules/zmq
605 silly gentlyRm /home/qiang/emojifier/node_modules/zmq is being purged from base /home/qiang/emojifier
606 verbose gentlyRm don't care about contents; nuking /home/qiang/emojifier/node_modules/zmq
607 silly gentlyRm /home/qiang/emojifier/node_modules/zmq is being purged from base /home/qiang/emojifier
608 verbose gentlyRm don't care about contents; nuking /home/qiang/emojifier/node_modules/zmq
609 silly gentlyRm /home/qiang/emojifier/node_modules/zmq is being purged from base /home/qiang/emojifier
610 verbose gentlyRm don't care about contents; nuking /home/qiang/emojifier/node_modules/zmq
611 silly gentlyRm /home/qiang/emojifier/node_modules/zerorpc is being purged from base /home/qiang/emojifier
612 verbose gentlyRm don't care about contents; nuking /home/qiang/emojifier/node_modules/zerorpc
613 silly gentlyRm /home/qiang/emojifier/node_modules/zerorpc is being purged from base /home/qiang/emojifier
614 verbose gentlyRm don't care about contents; nuking /home/qiang/emojifier/node_modules/zerorpc
615 silly gentlyRm /home/qiang/emojifier/node_modules/zerorpc is being purged from base /home/qiang/emojifier
616 verbose gentlyRm don't care about contents; nuking /home/qiang/emojifier/node_modules/zerorpc
617 silly gentlyRm /home/qiang/emojifier/node_modules/zerorpc is being purged from base /home/qiang/emojifier
618 verbose gentlyRm don't care about contents; nuking /home/qiang/emojifier/node_modules/zerorpc
619 silly gentlyRm /home/qiang/emojifier/node_modules/zerorpc is being purged from base /home/qiang/emojifier
620 verbose gentlyRm don't care about contents; nuking /home/qiang/emojifier/node_modules/zerorpc
621 silly gentlyRm /home/qiang/emojifier/node_modules/zerorpc is being purged from base /home/qiang/emojifier
622 verbose gentlyRm don't care about contents; nuking /home/qiang/emojifier/node_modules/zerorpc
623 silly gentlyRm /home/qiang/emojifier/node_modules/zerorpc is being purged from base /home/qiang/emojifier
624 verbose gentlyRm don't care about contents; nuking /home/qiang/emojifier/node_modules/zerorpc
625 silly gentlyRm /home/qiang/emojifier/node_modules/zerorpc is being purged from base /home/qiang/emojifier
626 verbose gentlyRm don't care about contents; nuking /home/qiang/emojifier/node_modules/zerorpc
627 silly vacuum-fs purging /home/qiang/emojifier/node_modules/bindings
628 silly vacuum-fs purging /home/qiang/emojifier/node_modules/bindings
629 silly vacuum-fs purging /home/qiang/emojifier/node_modules/bindings
630 silly vacuum-fs purging /home/qiang/emojifier/node_modules/bindings
631 silly vacuum-fs purging /home/qiang/emojifier/node_modules/bindings
632 silly vacuum-fs purging /home/qiang/emojifier/node_modules/bindings
633 silly vacuum-fs purging /home/qiang/emojifier/node_modules/bindings
634 silly vacuum-fs purging /home/qiang/emojifier/node_modules/bindings
635 silly vacuum-fs purging /home/qiang/emojifier/node_modules/zmq/node_modules/nan
636 silly vacuum-fs purging /home/qiang/emojifier/node_modules/zmq/node_modules/nan
637 silly vacuum-fs purging /home/qiang/emojifier/node_modules/zmq/node_modules/nan
638 silly vacuum-fs purging /home/qiang/emojifier/node_modules/zmq/node_modules/nan
639 silly vacuum-fs purging /home/qiang/emojifier/node_modules/zmq/node_modules/nan
640 silly vacuum-fs purging /home/qiang/emojifier/node_modules/zmq/node_modules/nan
641 silly vacuum-fs purging /home/qiang/emojifier/node_modules/zmq/node_modules/nan
642 silly vacuum-fs purging /home/qiang/emojifier/node_modules/zmq/node_modules/nan
643 silly vacuum-fs purging /home/qiang/emojifier/node_modules/zmq
644 silly vacuum-fs purging /home/qiang/emojifier/node_modules/zmq
645 silly vacuum-fs purging /home/qiang/emojifier/node_modules/zmq
646 silly vacuum-fs purging /home/qiang/emojifier/node_modules/zmq
647 silly vacuum-fs purging /home/qiang/emojifier/node_modules/zmq
648 silly vacuum-fs purging /home/qiang/emojifier/node_modules/zmq
649 silly vacuum-fs purging /home/qiang/emojifier/node_modules/zmq
650 silly vacuum-fs purging /home/qiang/emojifier/node_modules/zmq
651 silly vacuum-fs purging /home/qiang/emojifier/node_modules/zerorpc
652 silly vacuum-fs purging /home/qiang/emojifier/node_modules/zerorpc
653 silly vacuum-fs purging /home/qiang/emojifier/node_modules/zerorpc
654 silly vacuum-fs purging /home/qiang/emojifier/node_modules/zerorpc
655 silly vacuum-fs purging /home/qiang/emojifier/node_modules/zerorpc
656 silly vacuum-fs purging /home/qiang/emojifier/node_modules/zerorpc
657 silly vacuum-fs purging /home/qiang/emojifier/node_modules/zerorpc
658 silly vacuum-fs purging /home/qiang/emojifier/node_modules/zerorpc
659 silly vacuum-fs quitting because other entries in /home/qiang/emojifier/node_modules
660 silly vacuum-fs quitting because other entries in /home/qiang/emojifier/node_modules
661 silly vacuum-fs quitting because other entries in /home/qiang/emojifier/node_modules
662 silly vacuum-fs quitting because other entries in /home/qiang/emojifier/node_modules
663 silly vacuum-fs quitting because other entries in /home/qiang/emojifier/node_modules
664 silly vacuum-fs quitting because other entries in /home/qiang/emojifier/node_modules
665 silly vacuum-fs quitting because other entries in /home/qiang/emojifier/node_modules
666 silly vacuum-fs quitting because other entries in /home/qiang/emojifier/node_modules
667 silly vacuum-fs removing /home/qiang/emojifier/node_modules/zmq/node_modules
668 silly vacuum-fs removing /home/qiang/emojifier/node_modules/zmq/node_modules
669 silly vacuum-fs removing /home/qiang/emojifier/node_modules/zmq/node_modules
670 silly vacuum-fs removing /home/qiang/emojifier/node_modules/zmq/node_modules
671 silly vacuum-fs removing /home/qiang/emojifier/node_modules/zmq/node_modules
672 silly vacuum-fs removing /home/qiang/emojifier/node_modules/zmq/node_modules
673 silly vacuum-fs removing /home/qiang/emojifier/node_modules/zmq/node_modules
674 silly vacuum-fs quitting because other entries in /home/qiang/emojifier/node_modules
675 silly vacuum-fs quitting because other entries in /home/qiang/emojifier/node_modules
676 silly vacuum-fs quitting because other entries in /home/qiang/emojifier/node_modules
677 silly vacuum-fs quitting because other entries in /home/qiang/emojifier/node_modules
678 silly vacuum-fs quitting because other entries in /home/qiang/emojifier/node_modules
679 silly vacuum-fs quitting because other entries in /home/qiang/emojifier/node_modules
680 silly vacuum-fs quitting because other entries in /home/qiang/emojifier/node_modules
681 silly vacuum-fs quitting because other entries in /home/qiang/emojifier/node_modules
682 silly vacuum-fs quitting because other entries in /home/qiang/emojifier/node_modules
683 silly vacuum-fs quitting because other entries in /home/qiang/emojifier/node_modules
684 silly vacuum-fs quitting because other entries in /home/qiang/emojifier/node_modules
685 silly vacuum-fs quitting because other entries in /home/qiang/emojifier/node_modules
686 silly vacuum-fs quitting because other entries in /home/qiang/emojifier/node_modules
687 silly vacuum-fs quitting because other entries in /home/qiang/emojifier/node_modules
688 silly vacuum-fs quitting because other entries in /home/qiang/emojifier/node_modules
689 silly vacuum-fs quitting because other entries in /home/qiang/emojifier/node_modules
690 silly rollbackFailedOptional Finishing
691 silly runTopLevelLifecycles Finishing
692 silly install printInstalled
693 warn enoent ENOENT: no such file or directory, open '/home/qiang/emojifier/package.json'
694 verbose enoent ENOENT: no such file or directory, open '/home/qiang/emojifier/package.json'
694 verbose enoent This is most likely not a problem with npm itself
694 verbose enoent and is related to npm not being able to find a file.
695 warn emojifier No description
696 verbose If you need help, you may report this error at:
696 verbose     <https://github.com/npm/npm/issues>
697 warn emojifier No repository field.
698 verbose If you need help, you may report this error at:
698 verbose     <https://github.com/npm/npm/issues>
699 warn emojifier No README data
700 verbose If you need help, you may report this error at:
700 verbose     <https://github.com/npm/npm/issues>
701 warn emojifier No license field.
702 verbose If you need help, you may report this error at:
702 verbose     <https://github.com/npm/npm/issues>
703 verbose stack Error: zmq@2.15.3 install: `node-gyp rebuild`
703 verbose stack Exit status 1
703 verbose stack     at EventEmitter.<anonymous> (/home/qiang/.nvm/versions/node/v7.5.0/lib/node_modules/npm/lib/utils/lifecycle.js:279:16)
703 verbose stack     at emitTwo (events.js:106:13)
703 verbose stack     at EventEmitter.emit (events.js:192:7)
703 verbose stack     at ChildProcess.<anonymous> (/home/qiang/.nvm/versions/node/v7.5.0/lib/node_modules/npm/lib/utils/spawn.js:40:14)
703 verbose stack     at emitTwo (events.js:106:13)
703 verbose stack     at ChildProcess.emit (events.js:192:7)
703 verbose stack     at maybeClose (internal/child_process.js:890:16)
703 verbose stack     at Process.ChildProcess._handle.onexit (internal/child_process.js:226:5)
704 verbose pkgid zmq@2.15.3
705 verbose cwd /home/qiang/emojifier
706 error Linux 4.9.6-200.fc25.x86_64
707 error argv "/home/qiang/.nvm/versions/node/v7.5.0/bin/node" "/home/qiang/.nvm/versions/node/v7.5.0/bin/npm" "install" "zerorpc"
708 error node v7.5.0
709 error npm  v4.1.2
710 error code ELIFECYCLE
711 error zmq@2.15.3 install: `node-gyp rebuild`
711 error Exit status 1
712 error Failed at the zmq@2.15.3 install script 'node-gyp rebuild'.
712 error Make sure you have the latest version of node.js and npm installed.
712 error If you do, this is most likely a problem with the zmq package,
712 error not with npm itself.
712 error Tell the author that this fails on your system:
712 error     node-gyp rebuild
712 error You can get information on how to open an issue for this project with:
712 error     npm bugs zmq
712 error Or if that isn't available, you can get their info via:
712 error     npm owner ls zmq
712 error There is likely additional logging output above.
713 verbose exit [ 1, true ]
